{"name": "test_verify_user_can_search_transfer[Montenegro-Tivat-TIV-Budva-2021-12-19-10:00]", "status": "broken", "statusDetails": {"message": "selenium.common.exceptions.TimeoutException: Message:", "trace": "request = <FixtureRequest for <Function test_verify_user_can_search_transfer[Montenegro-Tivat-TIV-Budva-2021-12-19-10:00]>>\n_pytest_bdd_example = {'departure_date': '2021-12-19', 'departure_time': '10:00', 'drop_off_point': 'Budva', 'pick_up_country': 'Montenegro', ...}\n\n    @pytest.mark.usefixtures(*args)\n    def scenario_wrapper(request, _pytest_bdd_example):\n        scenario = templated_scenario.render(_pytest_bdd_example)\n>       _execute_scenario(feature, scenario, request)\n\nvenv/lib/python3.8/site-packages/pytest_bdd/scenario.py:174: \n_ _ _ _ _ _ _ _ _ _ _ _ _ _ _ _ _ _ _ _ _ _ _ _ _ _ _ _ _ _ _ _ _ _ _ _ _ _ _ _ _ _ _ _ _ _ _ _ _ _ _ _ _ _ _ _ _ _ _ _ _ _ _ _ _ _ _ _ _ _ _ _ _ _ _ _ _ _ _ _ _ _ _ _ _ _ _ _ _ _ _ _ _ _ _ _ _ _ _ _ _ _ _ _ _ _ _ _ _ _ _ _ _ _\nvenv/lib/python3.8/site-packages/pytest_bdd/scenario.py:144: in _execute_scenario\n    _execute_step_function(request, scenario, step, step_func)\nvenv/lib/python3.8/site-packages/pytest_bdd/scenario.py:114: in _execute_step_function\n    return_value = step_func(**kwargs)\nstep_defs/test_search_steps.py:153: in verify_transfer_options\n    transfer_page.verify_transfer_options(departure_date, departure_time)\nfeatures/pages/transfer_page.py:73: in verify_transfer_options\n    actual_transfer_date_time = self.get_text_of_the_element_after_explicit_waiting(\nproject_utils/browser_helper.py:26: in get_text_of_the_element_after_explicit_waiting\n    return WebDriverWait(self.browser, timeout=timeout).until(\n_ _ _ _ _ _ _ _ _ _ _ _ _ _ _ _ _ _ _ _ _ _ _ _ _ _ _ _ _ _ _ _ _ _ _ _ _ _ _ _ _ _ _ _ _ _ _ _ _ _ _ _ _ _ _ _ _ _ _ _ _ _ _ _ _ _ _ _ _ _ _ _ _ _ _ _ _ _ _ _ _ _ _ _ _ _ _ _ _ _ _ _ _ _ _ _ _ _ _ _ _ _ _ _ _ _ _ _ _ _ _ _ _ _\n\nself = <selenium.webdriver.support.wait.WebDriverWait (session=\"63da1eda2b62a3ec3d4380506dbf8b4a\")>, method = <selenium.webdriver.support.expected_conditions.presence_of_element_located object at 0x7f3b175e8490>, message = ''\n\n    def until(self, method, message=''):\n        \"\"\"Calls the method provided with the driver as an argument until the \\\n        return value is not False.\"\"\"\n        screen = None\n        stacktrace = None\n    \n        end_time = time.time() + self._timeout\n        while True:\n            try:\n                value = method(self._driver)\n                if value:\n                    return value\n            except self._ignored_exceptions as exc:\n                screen = getattr(exc, 'screen', None)\n                stacktrace = getattr(exc, 'stacktrace', None)\n            time.sleep(self._poll)\n            if time.time() > end_time:\n                break\n>       raise TimeoutException(message, screen, stacktrace)\nE       selenium.common.exceptions.TimeoutException: Message:\n\nvenv/lib/python3.8/site-packages/selenium/webdriver/support/wait.py:80: TimeoutException"}, "description": "/home/dan/home/programming/projects/airlines_testing_task/features/search.feature: Verify user can search transfer", "attachments": [{"name": "stderr", "source": "dc659e37-4dd7-4301-baf1-dbf22fde5aef-attachment.txt", "type": "text/plain"}], "parameters": [{"name": "_pytest_bdd_example", "value": "{'pick_up_country': 'Montenegro', 'pick_up_point': 'Tivat-TIV', 'drop_off_point': 'Budva', 'departure_date': '2021-12-19', 'departure_time': '10:00'}"}], "start": 1639277165185, "stop": 1639277186237, "uuid": "b5cd6190-c5af-4775-9563-75ac3cd4304f", "historyId": "69838679ded97ae62ac7f3a7632d1af9", "testCaseId": "2e7232d5f3587ec552a92a1d0fb89982", "fullName": "step_defs.test_search_steps#test_verify_user_can_search_transfer", "labels": [{"name": "tag", "value": "transfer_search"}, {"name": "tag", "value": "@pytest.mark.usefixtures"}, {"name": "parentSuite", "value": "step_defs"}, {"name": "suite", "value": "test_search_steps"}, {"name": "host", "value": "dan-HP-Laptop-15s-eq1xxx"}, {"name": "thread", "value": "18269-MainThread"}, {"name": "framework", "value": "pytest"}, {"name": "language", "value": "cpython3"}, {"name": "package", "value": "step_defs.test_search_steps"}]}